
> madridfemeninoxtra@0.0.1 build
> astro build

[2m23:55:38[22m [34m[content][39m Syncing content
[2m23:55:38[22m [34m[content][39m Synced content
[2m23:55:38[22m [34m[types][39m Generated [2m112ms[22m
[2m23:55:38[22m [34m[build][39m output: [34m"server"[39m
[2m23:55:38[22m [34m[build][39m mode: [34m"server"[39m
[2m23:55:38[22m [34m[build][39m directory: [34mC:\Users\PC\madridfemeninoxtra\dist\[39m
[2m23:55:38[22m [34m[build][39m adapter: [32m@astrojs/vercel[39m
[2m23:55:38[22m [34m[build][39m Collecting build info...
[2m23:55:38[22m [34m[build][39m [32m✓ Completed in 221ms.[39m
[2m23:55:38[22m [34m[build][39m Building server entrypoints...
[31m[1m23:55:43[22m [ERROR] [vite][39m [31m✗[39m Build failed in 4.66s
[33m[1m23:55:43[22m [WARN] [vite][39m 
./files/archivo-black-latin-ext-400-normal.woff2 referenced in ./files/archivo-black-latin-ext-400-normal.woff2 didn't resolve at build time, it will remain unchanged to be resolved at runtime
[33m[1m23:55:43[22m [WARN] [vite][39m 
./files/archivo-black-latin-400-normal.woff2 referenced in ./files/archivo-black-latin-400-normal.woff2 didn't resolve at build time, it will remain unchanged to be resolved at runtime
[33m[1m23:55:43[22m [WARN] [vite][39m 
./files/poppins-devanagari-400-normal.woff2 referenced in ./files/poppins-devanagari-400-normal.woff2 didn't resolve at build time, it will remain unchanged to be resolved at runtime
[33m[1m23:55:43[22m [WARN] [vite][39m 
./files/poppins-latin-ext-400-normal.woff2 referenced in ./files/poppins-latin-ext-400-normal.woff2 didn't resolve at build time, it will remain unchanged to be resolved at runtime
[33m[1m23:55:43[22m [WARN] [vite][39m 
./files/poppins-latin-400-normal.woff2 referenced in ./files/poppins-latin-400-normal.woff2 didn't resolve at build time, it will remain unchanged to be resolved at runtime
[33m[1m23:55:43[22m [WARN] [vite][39m 
./files/permanent-marker-latin-400-normal.woff2 referenced in ./files/permanent-marker-latin-400-normal.woff2 didn't resolve at build time, it will remain unchanged to be resolved at runtime
[33m[1m23:55:43[22m [WARN] [vite][39m 
./files/archivo-black-latin-ext-400-normal.woff referenced in ./files/archivo-black-latin-ext-400-normal.woff didn't resolve at build time, it will remain unchanged to be resolved at runtime
[33m[1m23:55:43[22m [WARN] [vite][39m 
./files/archivo-black-latin-400-normal.woff referenced in ./files/archivo-black-latin-400-normal.woff didn't resolve at build time, it will remain unchanged to be resolved at runtime
[33m[1m23:55:43[22m [WARN] [vite][39m 
./files/poppins-devanagari-400-normal.woff referenced in ./files/poppins-devanagari-400-normal.woff didn't resolve at build time, it will remain unchanged to be resolved at runtime
[33m[1m23:55:43[22m [WARN] [vite][39m 
./files/poppins-latin-ext-400-normal.woff referenced in ./files/poppins-latin-ext-400-normal.woff didn't resolve at build time, it will remain unchanged to be resolved at runtime
[33m[1m23:55:43[22m [WARN] [vite][39m 
./files/poppins-latin-400-normal.woff referenced in ./files/poppins-latin-400-normal.woff didn't resolve at build time, it will remain unchanged to be resolved at runtime
[33m[1m23:55:43[22m [WARN] [vite][39m 
./files/permanent-marker-latin-400-normal.woff referenced in ./files/permanent-marker-latin-400-normal.woff didn't resolve at build time, it will remain unchanged to be resolved at runtime
Expected ";" but found "result"
  [1mLocation:[22m
    [4mC:/Users/PC/madridfemeninoxtra/src/utils/rankings.ts:195:10[24m
  [1mStack trace:[22m
[2m    at failureErrorWithLog (C:\Users\PC\madridfemeninoxtra\node_modules\esbuild\lib\main.js:1467:15)
    at responseCallbacks.<computed> (C:\Users\PC\madridfemeninoxtra\node_modules\esbuild\lib\main.js:603:9)
    at Socket.readFromStdout (C:\Users\PC\madridfemeninoxtra\node_modules\esbuild\lib\main.js:581:7)
    at addChunk (node:internal/streams/readable:559:12)
    at Readable.push (node:internal/streams/readable:390:5)[22m
