
> madridfemeninoxtra@0.0.1 build
> astro build

[2m23:57:57[22m [34m[content][39m Syncing content
[2m23:57:57[22m [34m[content][39m Synced content
[2m23:57:57[22m [34m[types][39m Generated [2m85ms[22m
[2m23:57:57[22m [34m[build][39m output: [34m"server"[39m
[2m23:57:57[22m [34m[build][39m mode: [34m"server"[39m
[2m23:57:57[22m [34m[build][39m directory: [34mC:\Users\PC\madridfemeninoxtra\dist\[39m
[2m23:57:57[22m [34m[build][39m adapter: [32m@astrojs/vercel[39m
[2m23:57:57[22m [34m[build][39m Collecting build info...
[2m23:57:57[22m [34m[build][39m [32m✓ Completed in 175ms.[39m
[2m23:57:57[22m [34m[build][39m Building server entrypoints...
[33m[1m23:58:01[22m [WARN] [vite][39m 
./files/archivo-black-latin-ext-400-normal.woff2 referenced in ./files/archivo-black-latin-ext-400-normal.woff2 didn't resolve at build time, it will remain unchanged to be resolved at runtime
[33m[1m23:58:01[22m [WARN] [vite][39m 
./files/archivo-black-latin-400-normal.woff2 referenced in ./files/archivo-black-latin-400-normal.woff2 didn't resolve at build time, it will remain unchanged to be resolved at runtime
[33m[1m23:58:01[22m [WARN] [vite][39m 
./files/poppins-devanagari-400-normal.woff2 referenced in ./files/poppins-devanagari-400-normal.woff2 didn't resolve at build time, it will remain unchanged to be resolved at runtime
[33m[1m23:58:01[22m [WARN] [vite][39m 
./files/poppins-latin-ext-400-normal.woff2 referenced in ./files/poppins-latin-ext-400-normal.woff2 didn't resolve at build time, it will remain unchanged to be resolved at runtime
[33m[1m23:58:01[22m [WARN] [vite][39m 
./files/poppins-latin-400-normal.woff2 referenced in ./files/poppins-latin-400-normal.woff2 didn't resolve at build time, it will remain unchanged to be resolved at runtime
[33m[1m23:58:01[22m [WARN] [vite][39m 
./files/permanent-marker-latin-400-normal.woff2 referenced in ./files/permanent-marker-latin-400-normal.woff2 didn't resolve at build time, it will remain unchanged to be resolved at runtime
[33m[1m23:58:01[22m [WARN] [vite][39m 
./files/archivo-black-latin-ext-400-normal.woff referenced in ./files/archivo-black-latin-ext-400-normal.woff didn't resolve at build time, it will remain unchanged to be resolved at runtime
[33m[1m23:58:01[22m [WARN] [vite][39m 
./files/archivo-black-latin-400-normal.woff referenced in ./files/archivo-black-latin-400-normal.woff didn't resolve at build time, it will remain unchanged to be resolved at runtime
[33m[1m23:58:01[22m [WARN] [vite][39m 
./files/poppins-devanagari-400-normal.woff referenced in ./files/poppins-devanagari-400-normal.woff didn't resolve at build time, it will remain unchanged to be resolved at runtime
[33m[1m23:58:01[22m [WARN] [vite][39m 
./files/poppins-latin-ext-400-normal.woff referenced in ./files/poppins-latin-ext-400-normal.woff didn't resolve at build time, it will remain unchanged to be resolved at runtime
[33m[1m23:58:01[22m [WARN] [vite][39m 
./files/poppins-latin-400-normal.woff referenced in ./files/poppins-latin-400-normal.woff didn't resolve at build time, it will remain unchanged to be resolved at runtime
[33m[1m23:58:01[22m [WARN] [vite][39m 
./files/permanent-marker-latin-400-normal.woff referenced in ./files/permanent-marker-latin-400-normal.woff didn't resolve at build time, it will remain unchanged to be resolved at runtime
[33m[1m23:58:02[22m [WARN] [vite][39m [33m"verifyToken" is imported from external module "@clerk/backend" but never used in "node_modules/@clerk/astro/dist/server/index.js".[39m
[2m23:58:04[22m [34m[vite][39m [32m✓ built in 6.36s[39m
[2m23:58:04[22m [34m[build][39m [32m✓ Completed in 6.41s.[39m

[42m[30m building client (vite) [39m[49m
[2m23:58:04[22m [34m[vite][39m transforming...
[2m23:58:06[22m [34m[vite][39m [32m✓[39m 85 modules transformed.
[2m23:58:06[22m [34m[vite][39m rendering chunks...
[2m23:58:06[22m [34m[vite][39m computing gzip size...
[2m23:58:06[22m [34m[vite][39m [2mdist/client/[22m[36m_astro/index.astro_astro_type_script_index_0_lang.Ds9P6cqp.js         [39m[1m[2m  0.05 kB[22m[1m[22m[2m │ gzip:  0.07 kB[22m
[2m23:58:06[22m [34m[vite][39m [2mdist/client/[22m[36m_astro/astro_scripts/before-hydration.js.D83-rULE.js                  [39m[1m[2m  0.16 kB[22m[1m[22m[2m │ gzip:  0.16 kB[22m
[2m23:58:06[22m [34m[vite][39m [2mdist/client/[22m[36m_astro/SignedInCSR.astro_astro_type_script_index_0_lang.BxeYPnj-.js   [39m[1m[2m  0.25 kB[22m[1m[22m[2m │ gzip:  0.22 kB[22m
[2m23:58:06[22m [34m[vite][39m [2mdist/client/[22m[36m_astro/SignedOutCSR.astro_astro_type_script_index_0_lang.DUMW6J2H.js  [39m[1m[2m  0.25 kB[22m[1m[22m[2m │ gzip:  0.22 kB[22m
[2m23:58:06[22m [34m[vite][39m [2mdist/client/[22m[36m_astro/BaseClerkControlElement.DLD9M1q3.js                            [39m[1m[2m  0.48 kB[22m[1m[22m[2m │ gzip:  0.27 kB[22m
[2m23:58:06[22m [34m[vite][39m [2mdist/client/[22m[36m_astro/ProtectCSR.astro_astro_type_script_index_0_lang.B7OIBUi1.js    [39m[1m[2m  0.83 kB[22m[1m[22m[2m │ gzip:  0.42 kB[22m
[2m23:58:06[22m [34m[vite][39m [2mdist/client/[22m[36m_astro/page.D6-pYtT2.js                                               [39m[1m[2m  1.91 kB[22m[1m[22m[2m │ gzip:  1.01 kB[22m
[2m23:58:06[22m [34m[vite][39m [2mdist/client/[22m[36m_astro/chunk-MZTESQVU.DFZtgiu1.js                                     [39m[1m[2m  3.41 kB[22m[1m[22m[2m │ gzip:  1.52 kB[22m
[2m23:58:06[22m [34m[vite][39m [2mdist/client/[22m[36m_astro/index.DBPsBgzU.js                                              [39m[1m[2m 11.31 kB[22m[1m[22m[2m │ gzip:  4.64 kB[22m
[2m23:58:06[22m [34m[vite][39m [2mdist/client/[22m[36m_astro/client.D0tpiZvq.js                                             [39m[1m[2m 11.85 kB[22m[1m[22m[2m │ gzip:  4.18 kB[22m
[2m23:58:06[22m [34m[vite][39m [2mdist/client/[22m[36m_astro/client.EAUERNtn.js                                             [39m[1m[2m194.63 kB[22m[1m[22m[2m │ gzip: 60.99 kB[22m
[2m23:58:06[22m [34m[vite][39m [32m✓ built in 2.58s[39m

[42m[30m prerendering static routes [39m[49m
[2m23:58:06[22m [32m✓ Completed in 67ms.
[39m
[2m23:58:06[22m [34m[build][39m Rearranging server assets...
[2m23:58:09[22m [34m[@astrojs/vercel][39m Bundling function ..\..\..\..\dist\server\entry.mjs
[2m23:58:12[22m [34m[build][39m Waiting for integration [1m"@astrojs/vercel"[22m, hook [1m"astro:build:done"[22m...
[2m23:58:13[22m [34m[@astrojs/sitemap][39m `sitemap-index.xml` created at `dist\client`
[2m23:58:13[22m [34m[@astrojs/vercel][39m Copying static files to .vercel/output/static
[2m23:58:16[22m [34m[build][39m Server built in [1m18.54s[22m
[2m23:58:16[22m [34m[build][39m [1mComplete![22m
