
> madridfemeninoxtra@0.0.1 build
> astro build

[2m17:47:58[22m [34m[content][39m Syncing content
[2m17:47:58[22m [34m[content][39m Synced content
[2m17:47:58[22m [34m[types][39m Generated [2m478ms[22m
[2m17:47:58[22m [34m[build][39m output: [34m"server"[39m
[2m17:47:58[22m [34m[build][39m mode: [34m"server"[39m
[2m17:47:58[22m [34m[build][39m directory: [34mC:\Users\PC\madridfemeninoxtra\dist\[39m
[2m17:47:58[22m [34m[build][39m adapter: [32m@astrojs/vercel[39m
[2m17:47:58[22m [34m[build][39m Collecting build info...
[2m17:47:58[22m [34m[build][39m [32mÔ£ô Completed in 777ms.[39m
[2m17:47:58[22m [34m[build][39m Building server entrypoints...
[33m[1m17:48:05[22m [WARN] [vite][39m [33m"Calendar", "Activity", "Hash" and "Filter" are imported from external module "lucide-react" but never used in "src/components/ClubStatsDashboard.tsx" and "src/components/PlayersGrid.tsx".[39m
[2m17:48:06[22m [34m[vite][39m [32mÔ£ô built in 7.55s[39m
[2m17:48:06[22m [34m[build][39m [32mÔ£ô Completed in 7.74s.[39m

[42m[30m building client (vite) [39m[49m
[2m17:48:06[22m [34m[vite][39m transforming...
[2m17:48:14[22m [34m[vite][39m [32mÔ£ô[39m 1846 modules transformed.
[2m17:48:14[22m [34m[vite][39m rendering chunks...
[2m17:48:15[22m [34m[vite][39m computing gzip size...
[2m17:48:15[22m [34m[vite][39m [2mdist/client/[22m[32m_astro/ucrania.BBufcIr4.svg                            [39m[1m[2m    0.20 kB[22m[1m[22m[2m Ôöé gzip:   0.16 kB[22m
[2m17:48:15[22m [34m[vite][39m [2mdist/client/[22m[32m_astro/espana.CUzOJTu2.svg                             [39m[1m[2m    0.23 kB[22m[1m[22m[2m Ôöé gzip:   0.17 kB[22m
[2m17:48:15[22m [34m[vite][39m [2mdist/client/[22m[32m_astro/austria.C-oDWR7I.svg                            [39m[1m[2m    0.23 kB[22m[1m[22m[2m Ôöé gzip:   0.17 kB[22m
[2m17:48:15[22m [34m[vite][39m [2mdist/client/[22m[32m_astro/suecia.B1jzB1MY.svg                             [39m[1m[2m    0.24 kB[22m[1m[22m[2m Ôöé gzip:   0.20 kB[22m
[2m17:48:15[22m [34m[vite][39m [2mdist/client/[22m[32m_astro/dinamarca.COK_cIrV.svg                          [39m[1m[2m    0.25 kB[22m[1m[22m[2m Ôöé gzip:   0.20 kB[22m
[2m17:48:15[22m [34m[vite][39m [2mdist/client/[22m[32m_astro/inglaterra.vQbNQ25Z.svg                         [39m[1m[2m    0.25 kB[22m[1m[22m[2m Ôöé gzip:   0.19 kB[22m
[2m17:48:15[22m [34m[vite][39m [2mdist/client/[22m[32m_astro/alemania.Cqx75Pec.svg                           [39m[1m[2m    0.25 kB[22m[1m[22m[2m Ôöé gzip:   0.18 kB[22m
[2m17:48:15[22m [34m[vite][39m [2mdist/client/[22m[32m_astro/colombia.RWUbKTMn.svg                           [39m[1m[2m    0.27 kB[22m[1m[22m[2m Ôöé gzip:   0.19 kB[22m
[2m17:48:15[22m [34m[vite][39m [2mdist/client/[22m[32m_astro/paises_bajos.DVGoRG62.svg                       [39m[1m[2m    0.27 kB[22m[1m[22m[2m Ôöé gzip:   0.18 kB[22m
[2m17:48:15[22m [34m[vite][39m [2mdist/client/[22m[32m_astro/francia.lC4Eghu1.svg                            [39m[1m[2m    0.28 kB[22m[1m[22m[2m Ôöé gzip:   0.18 kB[22m
[2m17:48:15[22m [34m[vite][39m [2mdist/client/[22m[32m_astro/italia.C3-kJzQB.svg                             [39m[1m[2m    0.29 kB[22m[1m[22m[2m Ôöé gzip:   0.20 kB[22m
[2m17:48:15[22m [34m[vite][39m [2mdist/client/[22m[32m_astro/republica_checa.nNXibBbB.svg                    [39m[1m[2m    0.29 kB[22m[1m[22m[2m Ôöé gzip:   0.21 kB[22m
[2m17:48:15[22m [34m[vite][39m [2mdist/client/[22m[32m_astro/facebook.WTCl2RaQ.svg                           [39m[1m[2m    0.33 kB[22m[1m[22m[2m Ôöé gzip:   0.26 kB[22m
[2m17:48:15[22m [34m[vite][39m [2mdist/client/[22m[32m_astro/x.BGXxVvip.svg                                  [39m[1m[2m    0.34 kB[22m[1m[22m[2m Ôöé gzip:   0.26 kB[22m
[2m17:48:15[22m [34m[vite][39m [2mdist/client/[22m[32m_astro/tiktok.5qhyDnIq.svg                             [39m[1m[2m    0.39 kB[22m[1m[22m[2m Ôöé gzip:   0.27 kB[22m
[2m17:48:15[22m [34m[vite][39m [2mdist/client/[22m[32m_astro/escocia.HSo2VHZb.svg                            [39m[1m[2m    0.40 kB[22m[1m[22m[2m Ôöé gzip:   0.24 kB[22m
[2m17:48:15[22m [34m[vite][39m [2mdist/client/[22m[32m_astro/noruega.LhxpDcw2.svg                            [39m[1m[2m    0.41 kB[22m[1m[22m[2m Ôöé gzip:   0.26 kB[22m
[2m17:48:15[22m [34m[vite][39m [2mdist/client/[22m[32m_astro/islandia.BiHQCyL9.svg                           [39m[1m[2m    0.41 kB[22m[1m[22m[2m Ôöé gzip:   0.26 kB[22m
[2m17:48:15[22m [34m[vite][39m [2mdist/client/[22m[32m_astro/portugal.BVt10txA.svg                           [39m[1m[2m    0.51 kB[22m[1m[22m[2m Ôöé gzip:   0.30 kB[22m
[2m17:48:15[22m [34m[vite][39m [2mdist/client/[22m[32m_astro/youtube.C6d2u9F4.svg                            [39m[1m[2m    0.51 kB[22m[1m[22m[2m Ôöé gzip:   0.32 kB[22m
[2m17:48:15[22m [34m[vite][39m [2mdist/client/[22m[32m_astro/mexico.Ef9_3mN-.svg                             [39m[1m[2m    0.66 kB[22m[1m[22m[2m Ôöé gzip:   0.32 kB[22m
[2m17:48:15[22m [34m[vite][39m [2mdist/client/[22m[32m_astro/brasil.CtVUidI4.svg                             [39m[1m[2m    0.69 kB[22m[1m[22m[2m Ôöé gzip:   0.41 kB[22m
[2m17:48:15[22m [34m[vite][39m [2mdist/client/[22m[32m_astro/paraguay.Srv-uOYV.svg                           [39m[1m[2m    0.79 kB[22m[1m[22m[2m Ôöé gzip:   0.39 kB[22m
[2m17:48:15[22m [34m[vite][39m [2mdist/client/[22m[32m_astro/azerbaiyan.C9ayh-8I.svg                         [39m[1m[2m    0.79 kB[22m[1m[22m[2m Ôöé gzip:   0.36 kB[22m
[2m17:48:15[22m [34m[vite][39m [2mdist/client/[22m[32m_astro/instagram.DZvzzqDL.svg                          [39m[1m[2m    1.37 kB[22m[1m[22m[2m Ôöé gzip:   0.60 kB[22m
[2m17:48:15[22m [34m[vite][39m [2mdist/client/[22m[32m_astro/australia.CXoxg03X.svg                          [39m[1m[2m    2.24 kB[22m[1m[22m[2m Ôöé gzip:   0.80 kB[22m
[2m17:48:15[22m [34m[vite][39m [2mdist/client/[22m[32m_astro/19-pau_quesada.CMK1TsWg.webp                    [39m[1m[2m   38.41 kB[22m[1m[22m
[2m17:48:15[22m [34m[vite][39m [2mdist/client/[22m[32m_astro/og.CLd4GeqX.png                                 [39m[1m[2m   39.36 kB[22m[1m[22m
[2m17:48:15[22m [34m[vite][39m [2mdist/client/[22m[32m_astro/02-comunicado.CnAr3Nm6.webp                     [39m[1m[2m   48.05 kB[22m[1m[22m
[2m17:48:15[22m [34m[vite][39m [2mdist/client/[22m[32m_astro/uwcl.C09gwk4H.png                               [39m[1m[2m   53.39 kB[22m[1m[22m
[2m17:48:15[22m [34m[vite][39m [2mdist/client/[22m[32m_astro/liga_f.BsJFvmuz.png                             [39m[1m[2m   54.60 kB[22m[1m[22m
[2m17:48:15[22m [34m[vite][39m [2mdist/client/[22m[32m_astro/copa_de_la_reina.B4IMLSY7.png                   [39m[1m[2m   61.43 kB[22m[1m[22m
[2m17:48:15[22m [34m[vite][39m [2mdist/client/[22m[32m_astro/06-primer_gol.kRIKX4EX.webp                     [39m[1m[2m   75.86 kB[22m[1m[22m
[2m17:48:15[22m [34m[vite][39m [2mdist/client/[22m[32m_astro/07-hat_trick_mas_rapido.DrlKyEdw.webp           [39m[1m[2m   81.43 kB[22m[1m[22m
[2m17:48:15[22m [34m[vite][39m [2mdist/client/[22m[32m_astro/03-kosovare_asllani.DYIU4loX.webp               [39m[1m[2m   82.94 kB[22m[1m[22m
[2m17:48:15[22m [34m[vite][39m [2mdist/client/[22m[32m_astro/supercopa_de_espana.DiKl6UwF.png                [39m[1m[2m   83.70 kB[22m[1m[22m
[2m17:48:15[22m [34m[vite][39m [2mdist/client/[22m[32m_astro/14-caroline_weir_vs_city.Cffpx5x4.webp          [39m[1m[2m  120.00 kB[22m[1m[22m
[2m17:48:15[22m [34m[vite][39m [2mdist/client/[22m[32m_astro/11-alberto_toril.Ca4c9LqF.webp                  [39m[1m[2m  131.70 kB[22m[1m[22m
[2m17:48:15[22m [34m[vite][39m [2mdist/client/[22m[32m_astro/foto-16.6qfiRGJI.jpg                            [39m[1m[2m  132.84 kB[22m[1m[22m
[2m17:48:15[22m [34m[vite][39m [2mdist/client/[22m[32m_astro/13-caroline_weir.Bun8pPjY.webp                  [39m[1m[2m  133.93 kB[22m[1m[22m
[2m17:48:15[22m [34m[vite][39m [2mdist/client/[22m[32m_astro/10-victoria_vs_city.D331oZ5D.webp               [39m[1m[2m  150.19 kB[22m[1m[22m
[2m17:48:15[22m [34m[vite][39m [2mdist/client/[22m[32m_astro/08-derbi.DGOduDoa.webp                          [39m[1m[2m  156.47 kB[22m[1m[22m
[2m17:48:15[22m [34m[vite][39m [2mdist/client/[22m[32m_astro/18-primera_victoria_cuartos_uwcl.D3-u062A.webp  [39m[1m[2m  166.62 kB[22m[1m[22m
[2m17:48:15[22m [34m[vite][39m [2mdist/client/[22m[32m_astro/01-ascenso.HyRy_aSC.webp                        [39m[1m[2m  182.42 kB[22m[1m[22m
[2m17:48:15[22m [34m[vite][39m [2mdist/client/[22m[32m_astro/foto-19.D5Yg-Qjr.jpg                            [39m[1m[2m  183.00 kB[22m[1m[22m
[2m17:48:15[22m [34m[vite][39m [2mdist/client/[22m[32m_astro/12-debut_cuartos_uwcl.vQ7DXGCQ.webp             [39m[1m[2m  184.71 kB[22m[1m[22m
[2m17:48:15[22m [34m[vite][39m [2mdist/client/[22m[32m_astro/09-clasificacion_uwcl.Cgnkprwh.webp             [39m[1m[2m  185.75 kB[22m[1m[22m
[2m17:48:15[22m [34m[vite][39m [2mdist/client/[22m[32m_astro/mapa_rivales.Cbn0g6E5.png                       [39m[1m[2m  194.54 kB[22m[1m[22m
[2m17:48:15[22m [34m[vite][39m [2mdist/client/[22m[32m_astro/mapa_jugadoras.Dif2mr4R.png                     [39m[1m[2m  201.72 kB[22m[1m[22m
[2m17:48:15[22m [34m[vite][39m [2mdist/client/[22m[32m_astro/foto-14.ft97mu00.jpg                            [39m[1m[2m  221.59 kB[22m[1m[22m
[2m17:48:15[22m [34m[vite][39m [2mdist/client/[22m[32m_astro/foto-15.DIc4w6M6.jpg                            [39m[1m[2m  230.70 kB[22m[1m[22m
[2m17:48:15[22m [34m[vite][39m [2mdist/client/[22m[32m_astro/foto-20.BQJ4NAEa.jpg                            [39m[1m[2m  233.62 kB[22m[1m[22m
[2m17:48:15[22m [34m[vite][39m [2mdist/client/[22m[32m_astro/20_clasico.BK6wYT7q.webp                        [39m[1m[2m  243.45 kB[22m[1m[22m
[2m17:48:15[22m [34m[vite][39m [2mdist/client/[22m[32m_astro/15-linda_caicedo.sAWoc-vu.webp                  [39m[1m[2m  257.65 kB[22m[1m[22m
[2m17:48:15[22m [34m[vite][39m [2mdist/client/[22m[32m_astro/foto-18.CibHSOVJ.jpg                            [39m[1m[2m  259.07 kB[22m[1m[22m
[2m17:48:15[22m [34m[vite][39m [2mdist/client/[22m[32m_astro/04-comienzo.DO-FNXak.webp                       [39m[1m[2m  267.94 kB[22m[1m[22m
[2m17:48:15[22m [34m[vite][39m [2mdist/client/[22m[32m_astro/foto-17.B_xzkRl8.jpg                            [39m[1m[2m  275.88 kB[22m[1m[22m
[2m17:48:15[22m [34m[vite][39m [2mdist/client/[22m[32m_astro/foto-perfil.Dh0UtoC4.jpg                        [39m[1m[2m  277.10 kB[22m[1m[22m
[2m17:48:15[22m [34m[vite][39m [2mdist/client/[22m[32m_astro/mapa_partidos.B7pXxXK8.png                      [39m[1m[2m  277.24 kB[22m[1m[22m
[2m17:48:15[22m [34m[vite][39m [2mdist/client/[22m[32m_astro/17-mundial.YmbIOY_D.webp                        [39m[1m[2m  360.03 kB[22m[1m[22m
[2m17:48:15[22m [34m[vite][39m [2mdist/client/[22m[32m_astro/foto-13.aAqtpVWT.jpg                            [39m[1m[2m  368.13 kB[22m[1m[22m
[2m17:48:15[22m [34m[vite][39m [2mdist/client/[22m[32m_astro/foto-5.CLv6Usuy.jpg                             [39m[1m[2m  381.47 kB[22m[1m[22m
[2m17:48:15[22m [34m[vite][39m [2mdist/client/[22m[32m_astro/16-primera_final.sBGZgh51.webp                  [39m[1m[2m  383.11 kB[22m[1m[22m
[2m17:48:15[22m [34m[vite][39m [2mdist/client/[22m[32m_astro/foto-12.DQFysL2P.jpg                            [39m[1m[2m  420.61 kB[22m[1m[22m
[2m17:48:15[22m [34m[vite][39m [2mdist/client/[22m[32m_astro/foto-8.CWNbLp67.jpg                             [39m[1m[2m  429.24 kB[22m[1m[22m
[2m17:48:15[22m [34m[vite][39m [2mdist/client/[22m[32m_astro/foto-11.Cyc5ybLB.jpg                            [39m[1m[2m  434.56 kB[22m[1m[22m
[2m17:48:15[22m [34m[vite][39m [2mdist/client/[22m[32m_astro/foto-2.Bd_LW5jd.jpg                             [39m[1m[2m  443.65 kB[22m[1m[22m
[2m17:48:15[22m [34m[vite][39m [2mdist/client/[22m[32m_astro/foto-1.BelesdeS.jpg                             [39m[1m[2m  473.16 kB[22m[1m[22m
[2m17:48:15[22m [34m[vite][39m [2mdist/client/[22m[32m_astro/foto-10.qEelpYn1.jpg                            [39m[1m[2m  475.16 kB[22m[1m[22m
[2m17:48:15[22m [34m[vite][39m [2mdist/client/[22m[32m_astro/foto-6.Czn2fCS1.jpg                             [39m[1m[2m  496.06 kB[22m[1m[22m
[2m17:48:15[22m [34m[vite][39m [2mdist/client/[22m[32m_astro/foto-3.BKlbvRda.jpg                             [39m[1m[2m  516.83 kB[22m[1m[22m
[2m17:48:15[22m [34m[vite][39m [2mdist/client/[22m[32m_astro/foto-9.DSJDtRy7.jpg                             [39m[1m[2m  541.89 kB[22m[1m[22m
[2m17:48:15[22m [34m[vite][39m [2mdist/client/[22m[32m_astro/background.Y511urXr.jpg                         [39m[1m[2m  576.44 kB[22m[1m[22m
[2m17:48:15[22m [34m[vite][39m [2mdist/client/[22m[32m_astro/05-debut.DuLtVJ-s.webp                          [39m[1m[2m  579.68 kB[22m[1m[22m
[2m17:48:15[22m [34m[vite][39m [2mdist/client/[22m[32m_astro/foto-7.C-eaPDc5.jpg                             [39m[1m[2m  599.72 kB[22m[1m[22m
[2m17:48:15[22m [34m[vite][39m [2mdist/client/[22m[32m_astro/foto-4.C3LP7ui0.png                             [39m[1m[2m  993.02 kB[22m[1m[22m
[2m17:48:15[22m [34m[vite][39m [2mdist/client/[22m[32m_astro/foto-presentacion.BD57TiYi.png                  [39m[1m[2m  996.66 kB[22m[1m[22m
[2m17:48:15[22m [34m[vite][39m [2mdist/client/[22m[32m_astro/real_madrid_stats.DwtJ4V7S.png                  [39m[1m[2m1,575.38 kB[22m[1m[22m
[2m17:48:15[22m [34m[vite][39m [2mdist/client/[22m[35m_astro/Map.kWVbv8B-.css                                [39m[1m[2m   69.34 kB[22m[1m[22m[2m Ôöé gzip:   9.97 kB[22m
[2m17:48:15[22m [34m[vite][39m [2mdist/client/[22m[36m_astro/geo.CcVjsuWj.js                                 [39m[1m[2m    0.33 kB[22m[1m[22m[2m Ôöé gzip:   0.22 kB[22m
[2m17:48:15[22m [34m[vite][39m [2mdist/client/[22m[36m_astro/clock.D-3ijZzS.js                               [39m[1m[2m    0.35 kB[22m[1m[22m[2m Ôöé gzip:   0.28 kB[22m
[2m17:48:15[22m [34m[vite][39m [2mdist/client/[22m[36m_astro/map-pin.Y9KwUhRQ.js                             [39m[1m[2m    0.44 kB[22m[1m[22m[2m Ôöé gzip:   0.33 kB[22m
[2m17:48:15[22m [34m[vite][39m [2mdist/client/[22m[36m_astro/jsx-runtime.D_zvdyIk.js                         [39m[1m[2m    0.73 kB[22m[1m[22m[2m Ôöé gzip:   0.46 kB[22m
[2m17:48:15[22m [34m[vite][39m [2mdist/client/[22m[36m_astro/arrow-up.nfYR2eqh.js                            [39m[1m[2m    1.00 kB[22m[1m[22m[2m Ôöé gzip:   0.40 kB[22m
[2m17:48:15[22m [34m[vite][39m [2mdist/client/[22m[36m_astro/flags.Bi06BLsO.js                               [39m[1m[2m    1.11 kB[22m[1m[22m[2m Ôöé gzip:   0.63 kB[22m
[2m17:48:15[22m [34m[vite][39m [2mdist/client/[22m[36m_astro/MatchMapWrapper.zXU-8LHv.js                     [39m[1m[2m    1.42 kB[22m[1m[22m[2m Ôöé gzip:   0.84 kB[22m
[2m17:48:15[22m [34m[vite][39m [2mdist/client/[22m[36m_astro/createLucideIcon.D6QpAiEu.js                    [39m[1m[2m    1.86 kB[22m[1m[22m[2m Ôöé gzip:   0.80 kB[22m
[2m17:48:15[22m [34m[vite][39m [2mdist/client/[22m[36m_astro/PlayerMapWrapper.CGY3tqz_.js                    [39m[1m[2m    1.87 kB[22m[1m[22m[2m Ôöé gzip:   1.06 kB[22m
[2m17:48:15[22m [34m[vite][39m [2mdist/client/[22m[36m_astro/index.BlHzny4y.js                               [39m[1m[2m    3.89 kB[22m[1m[22m[2m Ôöé gzip:   1.52 kB[22m
[2m17:48:15[22m [34m[vite][39m [2mdist/client/[22m[36m_astro/RivalsMapWrapper.BQWi2fQR.js                    [39m[1m[2m    5.30 kB[22m[1m[22m[2m Ôöé gzip:   2.09 kB[22m
[2m17:48:15[22m [34m[vite][39m [2mdist/client/[22m[36m_astro/StadiumsTable.CiiuACqe.js                       [39m[1m[2m    5.55 kB[22m[1m[22m[2m Ôöé gzip:   1.69 kB[22m
[2m17:48:15[22m [34m[vite][39m [2mdist/client/[22m[36m_astro/RefereesTable.BoVGuCf2.js                       [39m[1m[2m    6.03 kB[22m[1m[22m[2m Ôöé gzip:   1.73 kB[22m
[2m17:48:15[22m [34m[vite][39m [2mdist/client/[22m[36m_astro/PlayerStatsDashboard.DaTdtrRK.js                [39m[1m[2m    6.06 kB[22m[1m[22m[2m Ôöé gzip:   1.93 kB[22m
[2m17:48:15[22m [34m[vite][39m [2mdist/client/[22m[36m_astro/MatchStatsDashboard.BtI4rG9u.js                 [39m[1m[2m    6.13 kB[22m[1m[22m[2m Ôöé gzip:   1.97 kB[22m
[2m17:48:15[22m [34m[vite][39m [2mdist/client/[22m[36m_astro/RivalsTable.BkAUdhwZ.js                         [39m[1m[2m    6.81 kB[22m[1m[22m[2m Ôöé gzip:   2.00 kB[22m
[2m17:48:15[22m [34m[vite][39m [2mdist/client/[22m[36m_astro/PlayersGrid.PpprZgo0.js                         [39m[1m[2m    7.41 kB[22m[1m[22m[2m Ôöé gzip:   2.32 kB[22m
[2m17:48:15[22m [34m[vite][39m [2mdist/client/[22m[36m_astro/index.Cd_vQiNd.js                               [39m[1m[2m    7.85 kB[22m[1m[22m[2m Ôöé gzip:   3.05 kB[22m
[2m17:48:15[22m [34m[vite][39m [2mdist/client/[22m[36m_astro/assets.D34Fjx4E.js                              [39m[1m[2m   18.79 kB[22m[1m[22m[2m Ôöé gzip:   3.31 kB[22m
[2m17:48:15[22m [34m[vite][39m [2mdist/client/[22m[36m_astro/location-data.BMKXSPbb.js                       [39m[1m[2m   26.69 kB[22m[1m[22m[2m Ôöé gzip:   7.89 kB[22m
[2m17:48:15[22m [34m[vite][39m [2mdist/client/[22m[36m_astro/Map.C8Lr5-PA.js                                 [39m[1m[2m   29.79 kB[22m[1m[22m[2m Ôöé gzip:   9.33 kB[22m
[2m17:48:15[22m [34m[vite][39m [2mdist/client/[22m[36m_astro/ClubStatsDashboard.BTC7IA0g.js                  [39m[1m[2m   33.16 kB[22m[1m[22m[2m Ôöé gzip:   7.12 kB[22m
[2m17:48:15[22m [34m[vite][39m [2mdist/client/[22m[36m_astro/client.Bv1kQOvy.js                              [39m[1m[2m  182.74 kB[22m[1m[22m[2m Ôöé gzip:  57.60 kB[22m
[2m17:48:15[22m [34m[vite][39m [2mdist/client/[22m[36m_astro/maplibre-gl.B9-2BdZj.js                         [39m[1m[33m1,014.75 kB[39m[22m[2m Ôöé gzip: 274.79 kB[22m
[33m[1m17:48:15[22m [WARN] [vite][39m [33m
(!) Some chunks are larger than 500 kB after minification. Consider:
- Using dynamic import() to code-split the application
- Use build.rollupOptions.output.manualChunks to improve chunking: https://rollupjs.org/configuration-options/#output-manualchunks
- Adjust chunk size limit for this warning via build.chunkSizeWarningLimit.[39m
[2m17:48:15[22m [34m[vite][39m [32mÔ£ô built in 8.54s[39m

[42m[30m prerendering static routes [39m[49m
[2m17:48:15[22m [32mÔûÂ[39m src/pages/arbitras/[slug].astro
[DB CLIENT] Connecting to STATS DB: libsql://realmadridfem-database-madridfemeninoxtra.aws-eu-west-1.turso.io
[2m17:48:15[22m   [34mÔö£ÔöÇ[39m [2m/arbitras/ainara-andrea-acevedo-dudley/index.html[22m [2m(+201ms)[22m 
[2m17:48:15[22m   [34mÔö£ÔöÇ[39m [2m/arbitras/zulema-gonzalez-gonzalez/index.html[22m [2m(+146ms)[22m 
[2m17:48:15[22m   [34mÔö£ÔöÇ[39m [2m/arbitras/maria-eugenia-gil-soriano/index.html[22m [2m(+145ms)[22m 
[2m17:48:16[22m   [34mÔö£ÔöÇ[39m [2m/arbitras/paola-cebollada-lopez/index.html[22m [2m(+149ms)[22m 
[2m17:48:16[22m   [34mÔö£ÔöÇ[39m [2m/arbitras/olatz-rivera-olmedo/index.html[22m [2m(+170ms)[22m 
[2m17:48:16[22m   [34mÔö£ÔöÇ[39m [2m/arbitras/ylenia-sanchez-miguel/index.html[22m [2m(+164ms)[22m 
[2m17:48:16[22m   [34mÔö£ÔöÇ[39m [2m/arbitras/maria-planes-terol/index.html[22m [2m(+140ms)[22m 
[2m17:48:16[22m   [34mÔö£ÔöÇ[39m [2m/arbitras/beatriz-cuesta-arribas/index.html[22m [2m(+159ms)[22m 
[2m17:48:16[22m   [34mÔö£ÔöÇ[39m [2m/arbitras/arantza-gallastegi-perez/index.html[22m [2m(+145ms)[22m 
[2m17:48:17[22m   [34mÔö£ÔöÇ[39m [2m/arbitras/elia-maria-martinez-martinez/index.html[22m [2m(+142ms)[22m 
[2m17:48:17[22m   [34mÔö£ÔöÇ[39m [2m/arbitras/marta-huerta-de-aza/index.html[22m [2m(+141ms)[22m 
[2m17:48:17[22m   [34mÔö£ÔöÇ[39m [2m/arbitras/amy-penalver-pearce/index.html[22m [2m(+140ms)[22m 
[2m17:48:17[22m   [34mÔö£ÔöÇ[39m [2m/arbitras/elena-pelaez-arnillas/index.html[22m [2m(+146ms)[22m 
[2m17:48:17[22m   [34mÔö£ÔöÇ[39m [2m/arbitras/andrea-firvida-fernandez/index.html[22m [2m(+205ms)[22m 
[2m17:48:17[22m   [34mÔö£ÔöÇ[39m [2m/arbitras/raquel-diaz-gonzalez/index.html[22m [2m(+192ms)[22m 
[2m17:48:18[22m   [34mÔö£ÔöÇ[39m [2m/arbitras/maria-dolores-martinez-madrona/index.html[22m [2m(+210ms)[22m 
[2m17:48:18[22m   [34mÔö£ÔöÇ[39m [2m/arbitras/marta-frias-acedo/index.html[22m [2m(+182ms)[22m 
[2m17:48:18[22m   [34mÔö£ÔöÇ[39m [2m/arbitras/patricia-luna-varo/index.html[22m [2m(+162ms)[22m 
[2m17:48:18[22m   [34mÔö£ÔöÇ[39m [2m/arbitras/lorena-trujillano-gallardo/index.html[22m [2m(+144ms)[22m 
[2m17:48:18[22m   [34mÔö£ÔöÇ[39m [2m/arbitras/sara-fernandez-ceferino/index.html[22m [2m(+136ms)[22m 
[2m17:48:18[22m   [34mÔö£ÔöÇ[39m [2m/arbitras/shona-shukrula/index.html[22m [2m(+138ms)[22m 
[2m17:48:18[22m   [34mÔö£ÔöÇ[39m [2m/arbitras/luliana-demetrescu/index.html[22m [2m(+142ms)[22m 
[2m17:48:19[22m   [34mÔö£ÔöÇ[39m [2m/arbitras/beatriz-arregui-gamir/index.html[22m [2m(+143ms)[22m 
[2m17:48:19[22m   [34mÔö£ÔöÇ[39m [2m/arbitras/elena-casal-fernandez/index.html[22m [2m(+142ms)[22m 
[2m17:48:19[22m   [34mÔö£ÔöÇ[39m [2m/arbitras/ivana-martincic/index.html[22m [2m(+141ms)[22m 
[2m17:48:19[22m   [34mÔö£ÔöÇ[39m [2m/arbitras/silvia-gasperotti/index.html[22m [2m(+139ms)[22m 
[2m17:48:19[22m   [34mÔö£ÔöÇ[39m [2m/arbitras/maria-sole-ferrieri-caputi/index.html[22m [2m(+139ms)[22m 
[2m17:48:19[22m   [34mÔö£ÔöÇ[39m [2m/arbitras/kirsty-dowle/index.html[22m [2m(+149ms)[22m 
[2m17:48:19[22m   [34mÔö£ÔöÇ[39m [2m/arbitras/katalin-kylcsar/index.html[22m [2m(+152ms)[22m 
[2m17:48:20[22m   [34mÔö£ÔöÇ[39m [2m/arbitras/sandra-bastos/index.html[22m [2m(+158ms)[22m 
[2m17:48:20[22m   [34mÔö£ÔöÇ[39m [2m/arbitras/riem-hussein/index.html[22m [2m(+165ms)[22m 
[2m17:48:20[22m   [34mÔö£ÔöÇ[39m [2m/arbitras/rebecca-welch/index.html[22m [2m(+165ms)[22m 
[2m17:48:20[22m   [34mÔö£ÔöÇ[39m [2m/arbitras/ivana-projkovska/index.html[22m [2m(+151ms)[22m 
[2m17:48:20[22m   [34mÔö£ÔöÇ[39m [2m/arbitras/catarina-campos/index.html[22m [2m(+170ms)[22m 
[2m17:48:20[22m   [34mÔö£ÔöÇ[39m [2m/arbitras/alina-pesu/index.html[22m [2m(+143ms)[22m 
[2m17:48:21[22m   [34mÔö£ÔöÇ[39m [2m/arbitras/lina-lehtovavaara/index.html[22m [2m(+150ms)[22m 
[2m17:48:21[22m   [34mÔö£ÔöÇ[39m [2m/arbitras/frida-mia-klarlund/index.html[22m [2m(+145ms)[22m 
[2m17:48:21[22m   [34mÔö£ÔöÇ[39m [2m/arbitras/xiomara-diaz-garcia/index.html[22m [2m(+165ms)[22m 
[2m17:48:21[22m   [34mÔö£ÔöÇ[39m [2m/arbitras/claudia-cebollada-lopez/index.html[22m [2m(+140ms)[22m 
[2m17:48:21[22m   [34mÔö£ÔöÇ[39m [2m/arbitras/veronica-gonzalez-sanchez/index.html[22m [2m(+235ms)[22m 
[2m17:48:21[22m   [34mÔö£ÔöÇ[39m [2m/arbitras/carmela-capistros-bitrian/index.html[22m [2m(+178ms)[22m 
[2m17:48:22[22m   [34mÔö£ÔöÇ[39m [2m/arbitras/desiree-grundbacher/index.html[22m [2m(+201ms)[22m 
[2m17:48:22[22m   [34mÔö£ÔöÇ[39m [2m/arbitras/mariona-peralta-geis/index.html[22m [2m(+219ms)[22m 
[2m17:48:22[22m   [34mÔö£ÔöÇ[39m [2m/arbitras/aleksandra-cesen/index.html[22m [2m(+168ms)[22m 
[2m17:48:22[22m   [34mÔö£ÔöÇ[39m [2m/arbitras/michele-schmolzer/index.html[22m [2m(+135ms)[22m 
[2m17:48:22[22m   [34mÔö£ÔöÇ[39m [2m/arbitras/zuzana-valentova/index.html[22m [2m(+169ms)[22m 
[2m17:48:23[22m   [34mÔö£ÔöÇ[39m [2m/arbitras/sabina-bolic/index.html[22m [2m(+134ms)[22m 
[2m17:48:23[22m   [34mÔö£ÔöÇ[39m [2m/arbitras/naomie-bellido-alcolea/index.html[22m [2m(+135ms)[22m 
[2m17:48:23[22m   [34mÔö£ÔöÇ[39m [2m/arbitras/emanuela-rusta/index.html[22m [2m(+138ms)[22m 
[2m17:48:23[22m   [34mÔö£ÔöÇ[39m [2m/arbitras/christian-petru-ciochirca/index.html[22m [2m(+139ms)[22m 
[2m17:48:23[22m   [34mÔö£ÔöÇ[39m [2m/arbitras/michaela-pachtova/index.html[22m [2m(+133ms)[22m 
[2m17:48:23[22m   [34mÔö£ÔöÇ[39m [2m/arbitras/melissa-lopez-osorio/index.html[22m [2m(+134ms)[22m 
[2m17:48:23[22m   [34mÔö£ÔöÇ[39m [2m/arbitras/maria-romero-navarro/index.html[22m [2m(+142ms)[22m 
[2m17:48:23[22m   [34mÔö£ÔöÇ[39m [2m/arbitras/cheryl-foster/index.html[22m [2m(+138ms)[22m 
[2m17:48:24[22m   [34mÔö£ÔöÇ[39m [2m/arbitras/stephanie-frappart/index.html[22m [2m(+137ms)[22m 
[2m17:48:24[22m   [34mÔö£ÔöÇ[39m [2m/arbitras/jana-adamkova/index.html[22m [2m(+134ms)[22m 
[2m17:48:24[22m   [34mÔö£ÔöÇ[39m [2m/arbitras/kateryna-monzul/index.html[22m [2m(+146ms)[22m 
[2m17:48:24[22m   [34mÔö£ÔöÇ[39m [2m/arbitras/angeles-gonzalez/index.html[22m [2m(+167ms)[22m 
[2m17:48:24[22m   [34mÔööÔöÇ[39m [2m/arbitras/lotta-vuorio/index.html[22m [2m(+145ms)[22m 
[2m17:48:24[22m [32mÔûÂ[39m src/pages/estadios/[slug].astro
[2m17:48:24[22m   [34mÔö£ÔöÇ[39m [2m/estadios/estadio-alfredo-di-stefano/index.html[22m [2m(+161ms)[22m 
[2m17:48:25[22m   [34mÔö£ÔöÇ[39m [2m/estadios/campo-11-ciudad-real-madrid/index.html[22m [2m(+157ms)[22m 
[2m17:48:25[22m   [34mÔö£ÔöÇ[39m [2m/estadios/ciudad-deportiva-luis-del-sol/index.html[22m [2m(+135ms)[22m 
[2m17:48:25[22m   [34mÔö£ÔöÇ[39m [2m/estadios/ciudad-deportiva-de-bunol/index.html[22m [2m(+140ms)[22m 
[2m17:48:25[22m   [34mÔö£ÔöÇ[39m [2m/estadios/ciudad-deportiva-alcala-de-henares/index.html[22m [2m(+139ms)[22m 
[2m17:48:25[22m   [34mÔö£ÔöÇ[39m [2m/estadios/estadio-antonio-puchades/index.html[22m [2m(+134ms)[22m 
[2m17:48:25[22m   [34mÔö£ÔöÇ[39m [2m/estadios/estadio-jesus-navas/index.html[22m [2m(+137ms)[22m 
[2m17:48:25[22m   [34mÔö£ÔöÇ[39m [2m/estadios/ciudad-deportiva-de-zubieta/index.html[22m [2m(+131ms)[22m 
[2m17:48:26[22m   [34mÔö£ÔöÇ[39m [2m/estadios/mini-estadi/index.html[22m [2m(+151ms)[22m 
[2m17:48:26[22m   [34mÔö£ÔöÇ[39m [2m/estadios/estadio-municipal-de-butarque/index.html[22m [2m(+255ms)[22m 
[2m17:48:26[22m   [34mÔö£ÔöÇ[39m [2m/estadios/ciudad-deportiva-dani-jarque/index.html[22m [2m(+144ms)[22m 
[2m17:48:26[22m   [34mÔö£ÔöÇ[39m [2m/estadios/estadio-johan-cruyff/index.html[22m [2m(+221ms)[22m 
[2m17:48:26[22m   [34mÔö£ÔöÇ[39m [2m/estadios/ciudad-deportiva-de-lezama/index.html[22m [2m(+183ms)[22m 
[2m17:48:27[22m   [34mÔö£ÔöÇ[39m [2m/estadios/campo-de-futbol-la-palmera/index.html[22m [2m(+133ms)[22m 
[2m17:48:27[22m   [34mÔö£ÔöÇ[39m [2m/estadios/donawitz-stadium/index.html[22m [2m(+132ms)[22m 
[2m17:48:27[22m   [34mÔö£ÔöÇ[39m [2m/estadios/estadio-fernando-torres/index.html[22m [2m(+135ms)[22m 
[2m17:48:27[22m   [34mÔö£ÔöÇ[39m [2m/estadios/estadio-olimpico-de-montjuic/index.html[22m [2m(+128ms)[22m 
[2m17:48:27[22m   [34mÔö£ÔöÇ[39m [2m/estadios/instalaciones-de-unbe/index.html[22m [2m(+127ms)[22m 
[2m17:48:27[22m   [34mÔö£ÔöÇ[39m [2m/estadios/estadio-antonio-toledo-sanchez/index.html[22m [2m(+128ms)[22m 
[2m17:48:27[22m   [34mÔö£ÔöÇ[39m [2m/estadios/ciudad-deportiva-de-abegondo/index.html[22m [2m(+126ms)[22m 
[2m17:48:27[22m   [34mÔö£ÔöÇ[39m [2m/estadios/estadio-municipal-las-gaunas/index.html[22m [2m(+124ms)[22m 
[2m17:48:28[22m   [34mÔö£ÔöÇ[39m [2m/estadios/centro-deportivo-antiguo-canodromo/index.html[22m [2m(+127ms)[22m 
[2m17:48:28[22m   [34mÔö£ÔöÇ[39m [2m/estadios/ciudad-deportiva-rayo-vallecano/index.html[22m [2m(+127ms)[22m 
[2m17:48:28[22m   [34mÔö£ÔöÇ[39m [2m/estadios/campo-de-futbol-de-puente-castro/index.html[22m [2m(+126ms)[22m 
[2m17:48:28[22m   [34mÔö£ÔöÇ[39m [2m/estadios/parque-de-los-principes/index.html[22m [2m(+127ms)[22m 
[2m17:48:28[22m   [34mÔö£ÔöÇ[39m [2m/estadios/estadio-nuevo-colombino/index.html[22m [2m(+128ms)[22m 
[2m17:48:28[22m   [34mÔö£ÔöÇ[39m [2m/estadios/campo-de-futbol-les-planes/index.html[22m [2m(+125ms)[22m 
[2m17:48:28[22m   [34mÔö£ÔöÇ[39m [2m/estadios/ciudad-deportiva-jose-luis-companon/index.html[22m [2m(+127ms)[22m 
[2m17:48:28[22m   [34mÔö£ÔöÇ[39m [2m/estadios/instalaciones-de-tajonar/index.html[22m [2m(+131ms)[22m 
[2m17:48:29[22m   [34mÔö£ÔöÇ[39m [2m/estadios/sk-prosek-praha-stadium/index.html[22m [2m(+126ms)[22m 
[2m17:48:29[22m   [34mÔö£ÔöÇ[39m [2m/estadios/stamford-bridge/index.html[22m [2m(+133ms)[22m 
[2m17:48:29[22m   [34mÔö£ÔöÇ[39m [2m/estadios/campo-de-futbol-de-adeje/index.html[22m [2m(+132ms)[22m 
[2m17:48:29[22m   [34mÔö£ÔöÇ[39m [2m/estadios/estadio-municipal-de-ipurua/index.html[22m [2m(+128ms)[22m 
[2m17:48:29[22m   [34mÔö£ÔöÇ[39m [2m/estadios/estadio-charlety/index.html[22m [2m(+128ms)[22m 
[2m17:48:29[22m   [34mÔö£ÔöÇ[39m [2m/estadios/san-mames/index.html[22m [2m(+139ms)[22m 
[2m17:48:29[22m   [34mÔö£ÔöÇ[39m [2m/estadios/estadio-nuevo-los-carmenes/index.html[22m [2m(+128ms)[22m 
[2m17:48:29[22m   [34mÔö£ÔöÇ[39m [2m/estadios/grolsch-veste/index.html[22m [2m(+131ms)[22m 
[2m17:48:30[22m   [34mÔö£ÔöÇ[39m [2m/estadios/estadio-de-riazor-abanca/index.html[22m [2m(+130ms)[22m 
[2m17:48:30[22m   [34mÔö£ÔöÇ[39m [2m/estadios/complejo-deportivo-guadalentin/index.html[22m [2m(+124ms)[22m 
[2m17:48:30[22m   [34mÔö£ÔöÇ[39m [2m/estadios/estadio-castalia/index.html[22m [2m(+126ms)[22m 
[2m17:48:30[22m   [34mÔö£ÔöÇ[39m [2m/estadios/estadio-nuevo-matapinonera/index.html[22m [2m(+129ms)[22m 
[2m17:48:30[22m   [34mÔö£ÔöÇ[39m [2m/estadios/idm-el-vivero/index.html[22m [2m(+132ms)[22m 
[2m17:48:30[22m   [34mÔö£ÔöÇ[39m [2m/estadios/manchester-city-joie-stadium/index.html[22m [2m(+132ms)[22m 
[2m17:48:30[22m   [34mÔö£ÔöÇ[39m [2m/estadios/metalist-stadium/index.html[22m [2m(+152ms)[22m 
[2m17:48:31[22m   [34mÔö£ÔöÇ[39m [2m/estadios/kopavogsvollur/index.html[22m [2m(+143ms)[22m 
[2m17:48:31[22m   [34mÔö£ÔöÇ[39m [2m/estadios/kingmeadow/index.html[22m [2m(+138ms)[22m 
[2m17:48:31[22m   [34mÔö£ÔöÇ[39m [2m/estadios/ciudad-deportiva-andres-iniesta/index.html[22m [2m(+135ms)[22m 
[2m17:48:31[22m   [34mÔö£ÔöÇ[39m [2m/estadios/estadio-romano-jose-fouto/index.html[22m [2m(+152ms)[22m 
[2m17:48:31[22m   [34mÔö£ÔöÇ[39m [2m/estadios/estadio-de-santo-domingo/index.html[22m [2m(+187ms)[22m 
[2m17:48:31[22m   [34mÔö£ÔöÇ[39m [2m/estadios/lerkendal-stadion/index.html[22m [2m(+150ms)[22m 
[2m17:48:31[22m   [34mÔö£ÔöÇ[39m [2m/estadios/estadio-loro-borici/index.html[22m [2m(+143ms)[22m 
[2m17:48:32[22m   [34mÔö£ÔöÇ[39m [2m/estadios/ciutat-de-valencia/index.html[22m [2m(+142ms)[22m 
[2m17:48:32[22m   [34mÔö£ÔöÇ[39m [2m/estadios/estadio-universitario/index.html[22m [2m(+149ms)[22m 
[2m17:48:32[22m   [34mÔö£ÔöÇ[39m [2m/estadios/estadio-azteca/index.html[22m [2m(+146ms)[22m 
[2m17:48:32[22m   [34mÔö£ÔöÇ[39m [2m/estadios/ciudad-deportiva-del-granada-cf/index.html[22m [2m(+136ms)[22m 
[2m17:48:32[22m   [34mÔö£ÔöÇ[39m [2m/estadios/intility-arena/index.html[22m [2m(+175ms)[22m 
[2m17:48:32[22m   [34mÔö£ÔöÇ[39m [2m/estadios/bravida-arena/index.html[22m [2m(+127ms)[22m 
[2m17:48:32[22m   [34mÔö£ÔöÇ[39m [2m/estadios/emirates-stadium/index.html[22m [2m(+128ms)[22m 
[2m17:48:33[22m   [34mÔö£ÔöÇ[39m [2m/estadios/stadion-an-der-alten-forsterei/index.html[22m [2m(+128ms)[22m 
[2m17:48:33[22m   [34mÔö£ÔöÇ[39m [2m/estadios/fc-bayern-campus/index.html[22m [2m(+130ms)[22m 
[2m17:48:33[22m   [34mÔö£ÔöÇ[39m [2m/estadios/stadion-am-brentanobad/index.html[22m [2m(+129ms)[22m 
[2m17:48:33[22m   [34mÔö£ÔöÇ[39m [2m/estadios/estadio-municipal-los-cuartos/index.html[22m [2m(+126ms)[22m 
[2m17:48:33[22m   [34mÔö£ÔöÇ[39m [2m/estadios/estadi-municipal-badalona/index.html[22m [2m(+126ms)[22m 
[2m17:48:33[22m   [34mÔö£ÔöÇ[39m [2m/estadios/new-douglas-park/index.html[22m [2m(+125ms)[22m 
[2m17:48:33[22m   [34mÔö£ÔöÇ[39m [2m/estadios/ciudad-deportiva-de-las-rozas/index.html[22m [2m(+133ms)[22m 
[2m17:48:33[22m   [34mÔö£ÔöÇ[39m [2m/estadios/spotify-camp-nou/index.html[22m [2m(+124ms)[22m 
[2m17:48:34[22m   [34mÔö£ÔöÇ[39m [2m/estadios/campo-7-ciudad-real-madrid/index.html[22m [2m(+129ms)[22m 
[2m17:48:34[22m   [34mÔö£ÔöÇ[39m [2m/estadios/estadio-aurelio-pereira/index.html[22m [2m(+127ms)[22m 
[2m17:48:34[22m   [34mÔö£ÔöÇ[39m [2m/estadios/estadio-heliodoro-rodriguez/index.html[22m [2m(+125ms)[22m 
[2m17:48:34[22m   [34mÔö£ÔöÇ[39m [2m/estadios/campus-psg/index.html[22m [2m(+138ms)[22m 
[2m17:48:34[22m   [34mÔö£ÔöÇ[39m [2m/estadios/meadow-park/index.html[22m [2m(+160ms)[22m 
[2m17:48:34[22m   [34mÔööÔöÇ[39m [2m/estadios/estadio-francisco-artes-carrasco/index.html[22m [2m(+129ms)[22m 
[2m17:48:34[22m [32mÔ£ô Completed in 19.87s.
[39m
[2m17:48:34[22m [34m[build][39m Rearranging server assets...
[2m17:48:35[22m [34m[@astrojs/vercel][39m Bundling function ..\..\..\..\dist\server\entry.mjs
[2m17:48:40[22m [34m[build][39m Waiting for integration [1m"@astrojs/vercel"[22m, hook [1m"astro:build:done"[22m...
npm : [31m[1m17:48:41[22m [ERROR] 
[@astrojs/vercel][39m An unhandled error occurred 
while running the [1m"astro:build:done"[22m hook
En línea: 1 Carácter: 1
+ npm run build > build.log 2>&1 ; Select-String -Path 
build.log -Patte ...
+ ~~~~~~~~~~~~~~~~~~~~~~~~~~~~~~
    + CategoryInfo          : NotSpecified: ([31m[1m1 
   7:48:...done"[22m hook:String) [], RemoteException
    + FullyQualifiedErrorId : NativeCommandError
 
EPERM: operation not permitted, symlink 
'.pnpm\react@19.2.0\node_modules\react' -> 'C:\Users\PC\
madridfemeninoxtra\.vercel\output\functions\_render.func
\node_modules\react'
  [1mStack trace:[22m
[2m    at async Module.symlink 
(node:internal/fs/promises:1000:10)
    at async copyDependenciesToFunction (file:///C:/User
s/PC/madridfemeninoxtra/node_modules/.pnpm/@astrojs+verc
el@9.0.1_astro@5.16.0_@types+node@24.10.1_@vercel+functi
ons@2.2.13_jiti@2.6.1_li_iguqsgnhb4fkqhmeg2yxt2s2gq/node
_modules/@astrojs/vercel/dist/lib/nft.js:42:26)
    at async astro:build:done (file:///C:/Users/PC/madri
dfemeninoxtra/node_modules/.pnpm/@astrojs+vercel@9.0.1_a
stro@5.16.0_@types+node@24.10.1_@vercel+functions@2.2.13
_jiti@2.6.1_li_iguqsgnhb4fkqhmeg2yxt2s2gq/node_modules/@
astrojs/vercel/dist/index.js:330:15)
    at async runHookInternal (file:///C:/Users/PC/madrid
femeninoxtra/node_modules/.pnpm/astro@5.16.0_@types+node
@24.10.1_@vercel+functions@2.2.13_jiti@2.6.1_lightningcs
s@1.30.2_roll_aki4ztxowwf5xmdhjk73ikld5e/node_modules/as
tro/dist/integrations/hooks.js:51:5)
    at async AstroBuilder.build (file:///C:/Users/PC/mad
ridfemeninoxtra/node_modules/.pnpm/astro@5.16.0_@types+n
ode@24.10.1_@vercel+functions@2.2.13_jiti@2.6.1_lightnin
gcss@1.30.2_roll_aki4ztxowwf5xmdhjk73ikld5e/node_modules
/astro/dist/core/build/index.js:167:5)[22m
